2024-06-24 18:08:06,499 p=3444395 u=upszot n=ansible | [WARNING]: A duplicate localhost-like entry was found (localhost). First found localhost was 127.0.0.1

2024-06-24 18:08:06,598 p=3444395 u=upszot n=ansible | PLAY [all] **********************************************************************************************************************************************************************************************************************************
2024-06-24 18:08:06,609 p=3444395 u=upszot n=ansible | TASK [Gathering Facts] **********************************************************************************************************************************************************************************************************************
2024-06-24 18:08:07,746 p=3444395 u=upszot n=ansible | ok: [localhost]
2024-06-24 18:08:07,775 p=3444395 u=upszot n=ansible | TASK [include_role : 2do_parcial] ***********************************************************************************************************************************************************************************************************
2024-06-24 18:08:07,805 p=3444395 u=upszot n=ansible | TASK [2do_parcial : debug] ******************************************************************************************************************************************************************************************************************
2024-06-24 18:08:07,817 p=3444395 u=upszot n=ansible | ok: [localhost] => {
    "msg": "Tareas del 2do Parcial"
}
2024-06-24 18:08:07,836 p=3444395 u=upszot n=ansible | TASK [Otra tarea] ***************************************************************************************************************************************************************************************************************************
2024-06-24 18:08:07,851 p=3444395 u=upszot n=ansible | ok: [localhost] => {
    "msg": "Despues de la ejecucion del rol"
}
2024-06-24 18:08:07,885 p=3444395 u=upszot n=ansible | PLAY RECAP **********************************************************************************************************************************************************************************************************************************
2024-06-24 18:08:07,885 p=3444395 u=upszot n=ansible | localhost                  : ok=3    changed=0    unreachable=0    failed=0    skipped=0    rescued=0    ignored=0   
2024-11-19 00:33:12,904 p=25501 u=millicay n=ansible | [WARNING]: No inventory was parsed, only implicit localhost is available

2024-11-19 00:33:12,910 p=25501 u=millicay n=ansible | [WARNING]: provided hosts list is empty, only localhost is available. Note that the implicit
localhost does not match 'all'

2024-11-19 00:33:13,150 p=25501 u=millicay n=ansible | ERROR! We were unable to read either as JSON nor YAML, these are the errors we got from each:
JSON: Expecting value: line 1 column 1 (char 0)

Syntax Error while loading YAML.
  but found another document

The error appears to be in '/home/millicay/UTN-FRA_SO_Examenes/202406/ansible/playbook.yml': line 2, column 1, but may
be elsewhere in the file depending on the exact syntax problem.

The offending line appears to be:

---
---
^ here

2024-11-19 01:06:41,232 p=25533 u=millicay n=ansible | [WARNING]: No inventory was parsed, only implicit localhost is available

2024-11-19 01:06:41,234 p=25533 u=millicay n=ansible | [WARNING]: provided hosts list is empty, only localhost is available. Note that the implicit
localhost does not match 'all'

2024-11-19 01:06:41,324 p=25533 u=millicay n=ansible | ERROR! We were unable to read either as JSON nor YAML, these are the errors we got from each:
JSON: Expecting value: line 1 column 1 (char 0)

Syntax Error while loading YAML.
  but found another document

The error appears to be in '/home/millicay/UTN-FRA_SO_Examenes/202406/ansible/playbook.yml': line 2, column 1, but may
be elsewhere in the file depending on the exact syntax problem.

The offending line appears to be:

---
---
^ here

2024-11-19 01:08:39,216 p=25537 u=millicay n=ansible | [WARNING]: A duplicate localhost-like entry was found (localhost). First found localhost was
127.0.0.1

2024-11-19 01:08:39,376 p=25537 u=millicay n=ansible | PLAY [all] ***************************************************************************************
2024-11-19 01:08:39,387 p=25537 u=millicay n=ansible | TASK [Gathering Facts] ***************************************************************************
2024-11-19 01:08:39,987 p=25537 u=millicay n=ansible | fatal: [localhost]: FAILED! => {"ansible_facts": {}, "changed": false, "failed_modules": {"ansible.legacy.setup": {"ansible_facts": {"discovered_interpreter_python": "/usr/bin/python3"}, "failed": true, "module_stderr": "sudo: a password is required\n", "module_stdout": "", "msg": "MODULE FAILURE\nSee stdout/stderr for the exact error", "rc": 1}}, "msg": "The following modules failed to execute: ansible.legacy.setup\n"}
2024-11-19 01:08:41,120 p=25537 u=millicay n=ansible | fatal: [127.0.0.1]: FAILED! => {"msg": "Missing sudo password"}
2024-11-19 01:08:41,121 p=25537 u=millicay n=ansible | PLAY RECAP ***************************************************************************************
2024-11-19 01:08:41,122 p=25537 u=millicay n=ansible | 127.0.0.1                  : ok=0    changed=0    unreachable=0    failed=1    skipped=0    rescued=0    ignored=0   
2024-11-19 01:08:41,122 p=25537 u=millicay n=ansible | localhost                  : ok=0    changed=0    unreachable=0    failed=1    skipped=0    rescued=0    ignored=0   
2024-11-19 01:12:28,838 p=25755 u=millicay n=ansible | [WARNING]: A duplicate localhost-like entry was found (localhost). First found localhost was
127.0.0.1

2024-11-19 01:12:28,968 p=25755 u=millicay n=ansible | PLAY [all] ***************************************************************************************
2024-11-19 01:12:28,979 p=25755 u=millicay n=ansible | TASK [Gathering Facts] ***************************************************************************
2024-11-19 01:12:30,666 p=25755 u=millicay n=ansible | ok: [localhost]
2024-11-19 01:12:30,862 p=25755 u=millicay n=ansible | fatal: [127.0.0.1]: FAILED! => {"msg": "Missing sudo password"}
2024-11-19 01:12:30,876 p=25755 u=millicay n=ansible | TASK [2do_parcial : Crear directorios para 2do_parcial] ******************************************
2024-11-19 01:12:31,247 p=25755 u=millicay n=ansible | changed: [localhost] => (item=alumno)
2024-11-19 01:12:31,413 p=25755 u=millicay n=ansible | changed: [localhost] => (item=equipo)
2024-11-19 01:12:31,420 p=25755 u=millicay n=ansible | TASK [2do_parcial : Crear datos_alumno.txt] ******************************************************
2024-11-19 01:12:31,941 p=25755 u=millicay n=ansible | changed: [localhost]
2024-11-19 01:12:31,948 p=25755 u=millicay n=ansible | TASK [2do_parcial : Crear datos_equipo.txt] ******************************************************
2024-11-19 01:12:31,992 p=25755 u=millicay n=ansible | fatal: [localhost]: FAILED! => {"changed": false, "msg": "AnsibleUndefinedVariable: 'dict object' has no attribute 'adress'"}
2024-11-19 01:12:31,996 p=25755 u=millicay n=ansible | PLAY RECAP ***************************************************************************************
2024-11-19 01:12:31,996 p=25755 u=millicay n=ansible | 127.0.0.1                  : ok=0    changed=0    unreachable=0    failed=1    skipped=0    rescued=0    ignored=0   
2024-11-19 01:12:31,996 p=25755 u=millicay n=ansible | localhost                  : ok=3    changed=2    unreachable=0    failed=1    skipped=0    rescued=0    ignored=0   
2024-11-19 01:19:49,067 p=26094 u=millicay n=ansible | [WARNING]: A duplicate localhost-like entry was found (localhost). First found localhost was
127.0.0.1

2024-11-19 01:19:49,194 p=26094 u=millicay n=ansible | PLAY [all] ***************************************************************************************
2024-11-19 01:19:49,202 p=26094 u=millicay n=ansible | TASK [Gathering Facts] ***************************************************************************
2024-11-19 01:19:50,352 p=26094 u=millicay n=ansible | ok: [localhost]
2024-11-19 01:19:50,697 p=26094 u=millicay n=ansible | fatal: [127.0.0.1]: FAILED! => {"msg": "Missing sudo password"}
2024-11-19 01:19:50,711 p=26094 u=millicay n=ansible | TASK [2do_parcial : Crear directorios para 2do_parcial] ******************************************
2024-11-19 01:19:51,004 p=26094 u=millicay n=ansible | ok: [localhost] => (item=alumno)
2024-11-19 01:19:51,169 p=26094 u=millicay n=ansible | ok: [localhost] => (item=equipo)
2024-11-19 01:19:51,177 p=26094 u=millicay n=ansible | TASK [2do_parcial : Crear datos_alumno.txt] ******************************************************
2024-11-19 01:19:51,752 p=26094 u=millicay n=ansible | ok: [localhost]
2024-11-19 01:19:51,759 p=26094 u=millicay n=ansible | TASK [2do_parcial : Crear datos_equipo.txt] ******************************************************
2024-11-19 01:19:52,167 p=26094 u=millicay n=ansible | changed: [localhost]
2024-11-19 01:19:52,175 p=26094 u=millicay n=ansible | TASK [2do_parcial : Configurar sudoers para el grupo 2PSupervisores] *****************************
2024-11-19 01:19:52,443 p=26094 u=millicay n=ansible | changed: [localhost]
2024-11-19 01:19:52,463 p=26094 u=millicay n=ansible | PLAY RECAP ***************************************************************************************
2024-11-19 01:19:52,463 p=26094 u=millicay n=ansible | 127.0.0.1                  : ok=0    changed=0    unreachable=0    failed=1    skipped=0    rescued=0    ignored=0   
2024-11-19 01:19:52,463 p=26094 u=millicay n=ansible | localhost                  : ok=5    changed=2    unreachable=0    failed=0    skipped=0    rescued=0    ignored=0   
